<?xml version="1.0" encoding="UTF-8"?>
<testsuite xmlns:xsi="http://www.w3.org/2001/XMLSchema-instance" xsi:noNamespaceSchemaLocation="https://maven.apache.org/surefire/maven-surefire-plugin/xsd/surefire-test-report.xsd" version="3.0.2" name="com.expertsconseil.boot_admin.BootAdminApplicationTests" time="1.267" tests="1" errors="0" skipped="0" failures="0">
  <properties>
[...]
</properties>
  <testcase name="contextLoads" classname="com.expertsconseil.boot_admin.BootAdminApplicationTests" time="0.318">
    <system-out><![CDATA[23:18:52.653 [main] INFO org.springframework.test.context.support.AnnotationConfigContextLoaderUtils -- Could not detect default configuration classes for test class [com.expertsconseil.boot_admin.BootAdminApplicationTests]: BootAdminApplicationTests does not declare any static, non-private, non-final, nested classes annotated with @Configuration.
23:18:52.694 [main] INFO org.springframework.boot.test.context.SpringBootTestContextBootstrapper -- Found @SpringBootConfiguration com.expertsconseil.boot_admin.BootAdminApplication for test class com.expertsconseil.boot_admin.BootAdminApplicationTests

  .   ____          _            __ _ _
 /\\ / ___'_ __ _ _(_)_ __  __ _ \ \ \ \
( ( )\___ | '_ | '_| | '_ \/ _` | \ \ \ \
 \\/  ___)| |_)| | | | | || (_| |  ) ) ) )
  '  |____| .__|_| |_|_| |_\__, | / / / /
 =========|_|==============|___/=/_/_/_/

 :: Spring Boot ::                (v3.5.6)

2025-09-18T23:18:52.863+02:00  INFO 5421 --- [boot-admin] [           main] c.e.b.BootAdminApplicationTests          : Starting BootAdminApplicationTests using Java 24.0.2 with PID 5421 (started by maher in /Users/maher/Desktop/Maher-Dev/microservices/boot-admin)
2025-09-18T23:18:52.864+02:00  INFO 5421 --- [boot-admin] [           main] c.e.b.BootAdminApplicationTests          : No active profile set, falling back to 1 default profile: "default"
2025-09-18T23:18:53.253+02:00  WARN 5421 --- [boot-admin] [           main] ion$DefaultTemplateResolverConfiguration : Cannot find template location: classpath:/templates/ (please add some templates, check your Thymeleaf configuration, or set spring.thymeleaf.check-template-location=false)
2025-09-18T23:18:53.322+02:00  INFO 5421 --- [boot-admin] [           main] o.s.b.a.e.web.EndpointLinksResolver      : Exposing 1 endpoint beneath base path '/actuator'
2025-09-18T23:18:53.469+02:00 ERROR 5421 --- [boot-admin] [           main] i.n.r.d.DnsServerAddressStreamProviders  : Unable to load io.netty.resolver.dns.macos.MacOSDnsServerAddressStreamProvider, fallback to system defaults. This may result in incorrect DNS resolutions on MacOS. Check whether you have a dependency on 'io.netty:netty-resolver-dns-native-macos'. Use DEBUG level to see the full stack: java.lang.UnsatisfiedLinkError: failed to load the required native library
2025-09-18T23:18:53.551+02:00  INFO 5421 --- [boot-admin] [           main] c.e.b.BootAdminApplicationTests          : Started BootAdminApplicationTests in 0.811 seconds (process running for 1.159)
]]></system-out>
    <system-err><![CDATA[Mockito is currently self-attaching to enable the inline-mock-maker. This will no longer work in future releases of the JDK. Please add Mockito as an agent to your build as described in Mockito's documentation: https://javadoc.io/doc/org.mockito/mockito-core/latest/org.mockito/org/mockito/Mockito.html#0.3
WARNING: A Java agent has been loaded dynamically (/Users/maher/.m2/repository/net/bytebuddy/byte-buddy-agent/1.17.7/byte-buddy-agent-1.17.7.jar)
WARNING: If a serviceability tool is in use, please run with -XX:+EnableDynamicAgentLoading to hide this warning
WARNING: If a serviceability tool is not in use, please run with -Djdk.instrument.traceUsage for more information
WARNING: Dynamic loading of agents will be disallowed by default in a future release
]]></system-err>
  </testcase>
</testsuite>